<?xml version="1.0" encoding="UTF-8"?>
<testng-results total="1" passed="1" failed="0" skipped="0">
  <reporter-output>
  </reporter-output>
  <suite started-at="2021-09-22T06:55:16Z" name="Default suite" finished-at="2021-09-22T06:57:03Z" duration-ms="107139">
    <groups>
    </groups>
    <test started-at="2021-09-22T06:55:16Z" name="Default test" finished-at="2021-09-22T06:57:03Z" duration-ms="107139">
      <class name="Test.Run">
        <test-method is-config="true" signature="beforeTest()[pri:0, instance:Test.Run@2ce6c6ec]" started-at="2021-09-22T12:25:16Z" name="beforeTest" finished-at="2021-09-22T12:25:23Z" duration-ms="7214" status="PASS">
          <reporter-output>
          </reporter-output>
        </test-method> <!-- beforeTest -->
        <test-method signature="verify_Bot()[pri:0, instance:Test.Run@2ce6c6ec]" started-at="2021-09-22T12:25:23Z" name="verify_Bot" finished-at="2021-09-22T12:26:59Z" duration-ms="95658" status="PASS">
          <reporter-output>
          </reporter-output>
        </test-method> <!-- verify_Bot -->
        <test-method is-config="true" signature="afterTest()[pri:0, instance:Test.Run@2ce6c6ec]" started-at="2021-09-22T12:26:59Z" name="afterTest" finished-at="2021-09-22T12:27:03Z" duration-ms="4237" status="PASS">
          <reporter-output>
          </reporter-output>
        </test-method> <!-- afterTest -->
      </class> <!-- Test.Run -->
    </test> <!-- Default test -->
  </suite> <!-- Default suite -->
</testng-results>
